<?xml version="1.0" encoding="UTF-8"?>
<coverage generated="1647419400274" clover="3.2.0">
  <project timestamp="1647419400275" name="All files">
    <metrics statements="23" coveredstatements="22" conditionals="0" coveredconditionals="0" methods="7" coveredmethods="4" elements="30" coveredelements="26" complexity="0" loc="23" ncloc="23" packages="3" files="4" classes="4"/>
    <package name="ow-foundation._base">
      <metrics statements="4" coveredstatements="4" conditionals="0" coveredconditionals="0" methods="2" coveredmethods="0"/>
      <file name="base.ts" path="E:\OW_UI\packages\ow-foundation\_base\base.ts">
        <metrics statements="2" coveredstatements="2" conditionals="0" coveredconditionals="0" methods="0" coveredmethods="0"/>
        <line num="1" count="1" type="stmt"/>
        <line num="2" count="1" type="stmt"/>
      </file>
      <file name="func.ts" path="E:\OW_UI\packages\ow-foundation\_base\func.ts">
        <metrics statements="2" coveredstatements="2" conditionals="0" coveredconditionals="0" methods="2" coveredmethods="0"/>
        <line num="1" count="1" type="stmt"/>
        <line num="2" count="1" type="stmt"/>
      </file>
    </package>
    <package name="ow-foundation.button">
      <metrics statements="2" coveredstatements="2" conditionals="0" coveredconditionals="0" methods="0" coveredmethods="0"/>
      <file name="button.ts" path="E:\OW_UI\packages\ow-foundation\button\button.ts">
        <metrics statements="2" coveredstatements="2" conditionals="0" coveredconditionals="0" methods="0" coveredmethods="0"/>
        <line num="1" count="1" type="stmt"/>
        <line num="3" count="1" type="stmt"/>
      </file>
    </package>
    <package name="ow-ui.button">
      <metrics statements="17" coveredstatements="16" conditionals="0" coveredconditionals="0" methods="5" coveredmethods="4"/>
      <file name="button.tsx" path="E:\OW_UI\packages\ow-ui\button\button.tsx">
        <metrics statements="17" coveredstatements="16" conditionals="0" coveredconditionals="0" methods="5" coveredmethods="4"/>
        <line num="1" count="1" type="stmt"/>
        <line num="2" count="1" type="stmt"/>
        <line num="3" count="1" type="stmt"/>
        <line num="4" count="1" type="stmt"/>
        <line num="7" count="1" type="stmt"/>
        <line num="8" count="1" type="stmt"/>
        <line num="45" count="10" type="stmt"/>
        <line num="46" count="11" type="stmt"/>
        <line num="48" count="10" type="stmt"/>
        <line num="64" count="10" type="stmt"/>
        <line num="67" count="3" type="stmt"/>
        <line num="68" count="1" type="stmt"/>
        <line num="69" count="1" type="stmt"/>
        <line num="70" count="0" type="stmt"/>
        <line num="77" count="1" type="stmt"/>
        <line num="94" count="1" type="stmt"/>
        <line num="113" count="1" type="stmt"/>
      </file>
    </package>
  </project>
</coverage>
