{"E:\\OW_UI\\packages\\ow-foundation\\_base\\base.ts": {"path":"E:\\OW_UI\\packages\\ow-foundation\\_base\\base.ts","statementMap":{"0":{"start":{"line":1,"column":13},"end":{"line":1,"column":31}},"1":{"start":{"line":2,"column":13},"end":{"line":2,"column":32}}},"fnMap":{},"branchMap":{},"s":{"0":1,"1":1},"f":{},"b":{}}
,"E:\\OW_UI\\packages\\ow-foundation\\_base\\func.ts": {"path":"E:\\OW_UI\\packages\\ow-foundation\\_base\\func.ts","statementMap":{"0":{"start":{"line":1,"column":0},"end":{"line":1,"column":16}},"1":{"start":{"line":2,"column":0},"end":{"line":2,"column":16}}},"fnMap":{"0":{"name":"noop","decl":{"start":{"line":1,"column":16},"end":{"line":1,"column":20}},"loc":{"start":{"line":1,"column":20},"end":{"line":1,"column":25}}},"1":{"name":"noop2","decl":{"start":{"line":2,"column":16},"end":{"line":2,"column":21}},"loc":{"start":{"line":2,"column":21},"end":{"line":2,"column":26}}}},"branchMap":{},"s":{"0":1,"1":1},"f":{"0":0,"1":0},"b":{}}
,"E:\\OW_UI\\packages\\ow-foundation\\button\\button.ts": {"path":"E:\\OW_UI\\packages\\ow-foundation\\button\\button.ts","statementMap":{"0":{"start":{"line":1,"column":0},"end":{"line":1,"column":43}},"1":{"start":{"line":3,"column":13},"end":{"line":3,"column":45}}},"fnMap":{},"branchMap":{},"s":{"0":1,"1":1},"f":{},"b":{}}
,"E:\\OW_UI\\packages\\ow-ui\\button\\button.jsx": {"path":"E:\\OW_UI\\packages\\ow-ui\\button\\button.jsx","statementMap":{"0":{"start":{"line":2,"column":0},"end":{"line":2,"column":40}},"1":{"start":{"line":3,"column":0},"end":{"line":3,"column":31}},"2":{"start":{"line":4,"column":0},"end":{"line":4,"column":55}},"3":{"start":{"line":5,"column":0},"end":{"line":5,"column":null}},"4":{"start":{"line":8,"column":0},"end":{"line":8,"column":36}},"5":{"start":{"line":9,"column":0},"end":{"line":9,"column":48}},"6":{"start":{"line":47,"column":6},"end":{"line":47,"column":11}},"7":{"start":{"line":46,"column":11},"end":{"line":47,"column":6}},"8":{"start":{"line":49,"column":17},"end":{"line":61,"column":null}},"9":{"start":{"line":64,"column":2},"end":{"line":74,"column":4}},"10":{"start":{"line":67,"column":24},"end":{"line":67,"column":44}},"11":{"start":{"line":67,"column":45},"end":{"line":67,"column":56}},"12":{"start":{"line":77,"column":0},"end":{"line":92,"column":2}},"13":{"start":{"line":94,"column":0},"end":{"line":111,"column":2}},"14":{"start":{"line":113,"column":0},"end":{"line":113,"column":22}}},"fnMap":{"0":{"name":"Button","decl":{"start":{"line":30,"column":9},"end":{"line":30,"column":15}},"loc":{"start":{"line":30,"column":33},"end":{"line":75,"column":1}}},"1":{"name":"(anonymous_9)","decl":{"start":{"line":67,"column":15},"end":{"line":67,"column":16}},"loc":{"start":{"line":67,"column":21},"end":{"line":67,"column":58}}}},"branchMap":{},"s":{"0":1,"1":1,"2":1,"3":1,"4":1,"5":1,"6":2,"7":1,"8":1,"9":1,"10":0,"11":0,"12":1,"13":1,"14":1},"f":{"0":2,"1":0},"b":{}}
}
