{"E:\\OW_UI\\packages\\ow-foundation\\_base\\base.ts": {"path":"E:\\OW_UI\\packages\\ow-foundation\\_base\\base.ts","statementMap":{"0":{"start":{"line":1,"column":13},"end":{"line":1,"column":31}},"1":{"start":{"line":2,"column":13},"end":{"line":2,"column":32}}},"fnMap":{},"branchMap":{},"s":{"0":1,"1":1},"f":{},"b":{}}
,"E:\\OW_UI\\packages\\ow-foundation\\_base\\func.ts": {"path":"E:\\OW_UI\\packages\\ow-foundation\\_base\\func.ts","statementMap":{"0":{"start":{"line":1,"column":0},"end":{"line":1,"column":16}},"1":{"start":{"line":2,"column":0},"end":{"line":2,"column":16}}},"fnMap":{"0":{"name":"noop","decl":{"start":{"line":1,"column":16},"end":{"line":1,"column":20}},"loc":{"start":{"line":1,"column":20},"end":{"line":1,"column":25}}},"1":{"name":"noop2","decl":{"start":{"line":2,"column":16},"end":{"line":2,"column":21}},"loc":{"start":{"line":2,"column":21},"end":{"line":2,"column":26}}}},"branchMap":{},"s":{"0":1,"1":1},"f":{"0":0,"1":0},"b":{}}
,"E:\\OW_UI\\packages\\ow-foundation\\button\\button.ts": {"path":"E:\\OW_UI\\packages\\ow-foundation\\button\\button.ts","statementMap":{"0":{"start":{"line":1,"column":0},"end":{"line":1,"column":43}},"1":{"start":{"line":3,"column":13},"end":{"line":3,"column":45}}},"fnMap":{},"branchMap":{},"s":{"0":1,"1":1},"f":{},"b":{}}
,"E:\\OW_UI\\packages\\ow-ui\\button\\button.tsx": {"path":"E:\\OW_UI\\packages\\ow-ui\\button\\button.tsx","statementMap":{"0":{"start":{"line":2,"column":0},"end":{"line":2,"column":40}},"1":{"start":{"line":3,"column":0},"end":{"line":3,"column":31}},"2":{"start":{"line":4,"column":0},"end":{"line":4,"column":55}},"3":{"start":{"line":5,"column":0},"end":{"line":5,"column":null}},"4":{"start":{"line":8,"column":0},"end":{"line":8,"column":36}},"5":{"start":{"line":9,"column":0},"end":{"line":9,"column":48}},"6":{"start":{"line":47,"column":6},"end":{"line":47,"column":11}},"7":{"start":{"line":46,"column":11},"end":{"line":47,"column":6}},"8":{"start":{"line":49,"column":17},"end":{"line":62,"column":null}},"9":{"start":{"line":65,"column":2},"end":{"line":75,"column":4}},"10":{"start":{"line":68,"column":24},"end":{"line":68,"column":44}},"11":{"start":{"line":68,"column":45},"end":{"line":68,"column":56}},"12":{"start":{"line":69,"column":29},"end":{"line":69,"column":49}},"13":{"start":{"line":69,"column":50},"end":{"line":69,"column":66}},"14":{"start":{"line":70,"column":29},"end":{"line":70,"column":49}},"15":{"start":{"line":70,"column":50},"end":{"line":70,"column":66}},"16":{"start":{"line":71,"column":26},"end":{"line":71,"column":40}},"17":{"start":{"line":78,"column":0},"end":{"line":93,"column":2}},"18":{"start":{"line":95,"column":0},"end":{"line":112,"column":2}},"19":{"start":{"line":114,"column":0},"end":{"line":114,"column":22}}},"fnMap":{"0":{"name":"Button","decl":{"start":{"line":30,"column":9},"end":{"line":30,"column":15}},"loc":{"start":{"line":30,"column":33},"end":{"line":76,"column":1}}},"1":{"name":"(anonymous_9)","decl":{"start":{"line":68,"column":15},"end":{"line":68,"column":16}},"loc":{"start":{"line":68,"column":21},"end":{"line":68,"column":58}}},"2":{"name":"(anonymous_10)","decl":{"start":{"line":69,"column":20},"end":{"line":69,"column":21}},"loc":{"start":{"line":69,"column":26},"end":{"line":69,"column":68}}},"3":{"name":"(anonymous_11)","decl":{"start":{"line":70,"column":20},"end":{"line":70,"column":21}},"loc":{"start":{"line":70,"column":26},"end":{"line":70,"column":68}}},"4":{"name":"(anonymous_12)","decl":{"start":{"line":71,"column":19},"end":{"line":71,"column":20}},"loc":{"start":{"line":71,"column":26},"end":{"line":71,"column":40}}}},"branchMap":{},"s":{"0":1,"1":1,"2":1,"3":1,"4":1,"5":1,"6":11,"7":10,"8":10,"9":10,"10":3,"11":3,"12":1,"13":1,"14":1,"15":1,"16":0,"17":1,"18":1,"19":1},"f":{"0":11,"1":3,"2":1,"3":1,"4":0},"b":{}}
}
