TN:
SF:packages\ow-foundation\_base\base.ts
FNF:0
FNH:0
DA:1,1
DA:2,1
LF:2
LH:2
BRF:0
BRH:0
end_of_record
TN:
SF:packages\ow-foundation\_base\func.ts
FN:1,noop
FN:2,noop2
FNF:2
FNH:0
FNDA:0,noop
FNDA:0,noop2
DA:1,1
DA:2,1
LF:2
LH:2
BRF:0
BRH:0
end_of_record
TN:
SF:packages\ow-foundation\button\button.ts
FNF:0
FNH:0
DA:1,1
DA:3,1
LF:2
LH:2
BRF:0
BRH:0
end_of_record
TN:
SF:packages\ow-ui\button\button.tsx
FN:29,Button
FN:67,(anonymous_9)
FN:68,(anonymous_10)
FN:69,(anonymous_11)
FN:70,(anonymous_12)
FNF:5
FNH:4
FNDA:11,Button
FNDA:3,(anonymous_9)
FNDA:1,(anonymous_10)
FNDA:1,(anonymous_11)
FNDA:0,(anonymous_12)
DA:1,1
DA:2,1
DA:3,1
DA:4,1
DA:7,1
DA:8,1
DA:45,10
DA:46,11
DA:48,10
DA:64,10
DA:67,3
DA:68,1
DA:69,1
DA:70,0
DA:77,1
DA:94,1
DA:113,1
LF:17
LH:16
BRF:0
BRH:0
end_of_record
