TN:
SF:packages\ow-foundation\_base\base.ts
FNF:0
FNH:0
DA:1,2
DA:2,2
LF:2
LH:2
BRF:0
BRH:0
end_of_record
TN:
SF:packages\ow-foundation\_base\baseFoundation.ts
FN:14,(anonymous_0)
FN:18,(anonymous_1)
FN:22,(anonymous_2)
FN:26,(anonymous_3)
FN:30,(anonymous_4)
FN:34,(anonymous_5)
FNF:6
FNH:3
FNDA:3,(anonymous_0)
FNDA:11,(anonymous_1)
FNDA:2,(anonymous_2)
FNDA:0,(anonymous_3)
FNDA:0,(anonymous_4)
FNDA:0,(anonymous_5)
DA:11,1
DA:15,3
DA:19,11
DA:23,2
DA:27,0
DA:31,0
DA:35,0
LF:7
LH:4
BRF:0
BRH:0
end_of_record
TN:
SF:packages\ow-foundation\_base\func.ts
FN:1,noop
FN:2,noop2
FNF:2
FNH:0
FNDA:0,noop
FNDA:0,noop2
DA:1,1
DA:2,1
LF:2
LH:2
BRF:0
BRH:0
end_of_record
TN:
SF:packages\ow-foundation\button\button.ts
FNF:0
FNH:0
DA:1,1
DA:3,1
LF:2
LH:2
BRF:0
BRH:0
end_of_record
TN:
SF:packages\ow-foundation\tooltip\tooltip.ts
FN:50,(anonymous_0)
FN:60,(anonymous_1)
FN:70,(anonymous_2)
FN:97,(anonymous_3)
FN:109,(anonymous_4)
FN:54,(anonymous_5)
FN:80,(anonymous_6)
FN:85,(anonymous_7)
FN:114,(anonymous_8)
FN:118,(anonymous_9)
FN:196,(anonymous_10)
FN:200,(anonymous_11)
FN:204,(anonymous_12)
FN:208,(anonymous_13)
FN:209,(anonymous_14)
FN:212,(anonymous_15)
FN:93,(anonymous_16)
FNF:17
FNH:13
FNDA:3,(anonymous_0)
FNDA:3,(anonymous_1)
FNDA:1,(anonymous_2)
FNDA:2,(anonymous_3)
FNDA:0,(anonymous_4)
FNDA:3,(anonymous_5)
FNDA:3,(anonymous_6)
FNDA:4,(anonymous_7)
FNDA:2,(anonymous_8)
FNDA:2,(anonymous_9)
FNDA:2,(anonymous_10)
FNDA:2,(anonymous_11)
FNDA:3,(anonymous_12)
FNDA:2,(anonymous_13)
FNDA:0,(anonymous_14)
FNDA:0,(anonymous_15)
FNDA:0,(anonymous_16)
DA:1,1
DA:3,1
DA:5,1
DA:11,1
DA:46,1
DA:51,3
DA:55,3
DA:56,3
DA:57,3
DA:60,3
DA:61,3
DA:62,3
DA:63,3
DA:64,3
DA:66,2
DA:67,2
DA:68,2
DA:70,1
DA:71,1
DA:73,1
DA:75,0
DA:77,3
DA:81,3
DA:86,4
DA:87,0
DA:90,4
DA:93,1
DA:97,3
DA:98,2
DA:99,2
DA:100,2
DA:101,2
DA:102,2
DA:104,2
DA:105,1
DA:109,3
DA:110,0
DA:111,0
DA:115,2
DA:119,2
DA:120,2
DA:121,2
DA:124,2
DA:125,2
DA:126,2
DA:127,2
DA:129,2
DA:130,2
DA:132,2
DA:133,2
DA:135,2
DA:136,2
DA:137,2
DA:138,2
DA:139,2
DA:140,2
DA:142,2
DA:143,2
DA:145,2
DA:146,0
DA:147,2
DA:148,0
DA:149,2
DA:150,0
DA:151,2
DA:152,0
DA:156,2
DA:158,0
DA:159,0
DA:160,0
DA:161,0
DA:162,0
DA:164,0
DA:165,0
DA:166,0
DA:167,0
DA:169,0
DA:170,0
DA:171,0
DA:172,0
DA:174,0
DA:175,0
DA:176,0
DA:177,0
DA:178,0
DA:180,2
DA:183,2
DA:184,0
DA:185,0
DA:187,2
DA:193,2
DA:197,2
DA:201,2
DA:205,3
DA:209,2
DA:213,0
LF:96
LH:67
BRDA:64,0,0,2
BRDA:64,0,1,1
BRDA:64,0,2,0
BRDA:104,1,0,1
BRDA:86,2,0,0
BRDA:121,3,0,0
BRDA:121,3,1,2
BRDA:123,4,0,2
BRDA:123,4,1,2
BRDA:135,5,0,2
BRDA:145,6,0,0
BRDA:145,6,1,2
BRDA:145,7,0,2
BRDA:145,7,1,2
BRDA:145,7,2,2
BRDA:147,8,0,0
BRDA:147,8,1,2
BRDA:147,9,0,2
BRDA:147,9,1,2
BRDA:147,9,2,2
BRDA:149,10,0,0
BRDA:149,10,1,2
BRDA:149,11,0,2
BRDA:149,11,1,0
BRDA:149,11,2,0
BRDA:151,12,0,0
BRDA:151,13,0,2
BRDA:151,13,1,0
BRDA:151,13,2,0
BRDA:156,14,0,0
BRDA:156,14,1,0
BRDA:156,14,2,0
BRDA:156,14,3,0
BRDA:156,14,4,2
BRDA:183,15,0,0
BRF:35
BRH:19
end_of_record
TN:
SF:packages\ow-foundation\utils\dom.ts
FN:1,isHTMLElement
FN:19,convertDOMRectToObject
FN:26,(anonymous_2)
FNF:3
FNH:3
FNDA:7,isHTMLElement
FNDA:2,convertDOMRectToObject
FNDA:12,(anonymous_2)
DA:1,1
DA:2,7
DA:3,7
DA:5,0
DA:19,1
DA:20,2
DA:21,2
DA:22,0
DA:24,2
DA:26,2
DA:28,12
DA:29,12
DA:32,0
LF:13
LH:10
BRDA:6,0,0,0
BRDA:6,0,1,0
BRDA:6,0,2,0
BRDA:6,0,3,0
BRDA:20,1,0,2
BRDA:20,2,0,2
BRDA:20,2,1,2
BRDA:21,3,0,0
BRF:8
BRH:3
end_of_record
TN:
SF:packages\ow-ui\_base\baseComponent.tsx
FN:14,(anonymous_0)
FN:20,(anonymous_1)
FN:22,(anonymous_2)
FN:23,(anonymous_3)
FN:24,(anonymous_4)
FN:25,(anonymous_5)
FN:27,(anonymous_6)
FNF:7
FNH:4
FNDA:3,(anonymous_0)
FNDA:3,(anonymous_1)
FNDA:11,(anonymous_2)
FNDA:2,(anonymous_3)
FNDA:0,(anonymous_4)
FNDA:0,(anonymous_5)
FNDA:0,(anonymous_6)
DA:1,1
DA:10,1
DA:15,3
DA:16,3
DA:21,3
DA:22,11
DA:23,2
DA:24,0
DA:25,0
DA:27,0
LF:10
LH:7
BRF:0
BRH:0
end_of_record
TN:
SF:packages\ow-ui\button\button.tsx
FN:30,Button
FN:65,(anonymous_9)
FN:66,(anonymous_10)
FN:67,(anonymous_11)
FN:68,(anonymous_12)
FNF:5
FNH:4
FNDA:10,Button
FNDA:3,(anonymous_9)
FNDA:1,(anonymous_10)
FNDA:1,(anonymous_11)
FNDA:0,(anonymous_12)
DA:2,1
DA:3,1
DA:4,1
DA:5,1
DA:8,1
DA:9,1
DA:43,10
DA:44,10
DA:46,10
DA:62,10
DA:65,3
DA:66,1
DA:67,1
DA:68,0
DA:75,1
DA:89,1
DA:105,1
LF:17
LH:16
BRF:0
BRH:0
end_of_record
TN:
SF:packages\ow-ui\portal\portal.tsx
FN:39,(anonymous_7)
FN:78,(anonymous_8)
FN:86,(anonymous_9)
FN:50,(anonymous_10)
FN:64,(anonymous_11)
FN:71,(anonymous_12)
FN:94,(anonymous_13)
FN:26,(anonymous_14)
FNF:8
FNH:7
FNDA:2,(anonymous_7)
FNDA:2,(anonymous_8)
FNDA:2,(anonymous_9)
FNDA:2,(anonymous_10)
FNDA:2,(anonymous_11)
FNDA:2,(anonymous_12)
FNDA:4,(anonymous_13)
FNDA:0,(anonymous_14)
DA:1,1
DA:2,1
DA:3,1
DA:4,1
DA:6,1
DA:22,1
DA:26,0
DA:29,1
DA:40,2
DA:41,2
DA:42,2
DA:45,2
DA:51,2
DA:52,0
DA:54,2
DA:55,2
DA:56,2
DA:57,2
DA:58,2
DA:59,2
DA:60,2
DA:65,2
DA:66,2
DA:67,0
DA:72,2
DA:73,2
DA:74,2
DA:78,2
DA:79,2
DA:80,2
DA:81,8
DA:86,2
DA:87,2
DA:88,2
DA:89,2
DA:90,2
DA:95,4
DA:96,4
DA:97,2
DA:99,2
DA:103,1
LF:41
LH:38
BRDA:78,0,0,0
BRDA:79,1,0,2
BRDA:89,2,0,2
BRDA:51,3,0,0
BRDA:56,4,0,2
BRDA:66,5,0,0
BRDA:73,6,0,2
BRDA:96,7,0,2
BRF:8
BRH:5
end_of_record
TN:
SF:packages\ow-ui\tooltip\tooltip.tsx
FN:62,(anonymous_7)
FN:47,(anonymous_8)
FN:78,(anonymous_9)
FN:81,(anonymous_10)
FN:89,(anonymous_11)
FN:94,(anonymous_12)
FN:97,(anonymous_13)
FN:101,(anonymous_14)
FN:104,(anonymous_15)
FN:107,(anonymous_16)
FN:120,(anonymous_17)
FN:121,(anonymous_18)
FN:129,(anonymous_19)
FN:130,(anonymous_20)
FN:134,(anonymous_21)
FN:148,(anonymous_22)
FN:150,(anonymous_23)
FN:154,(anonymous_24)
FN:158,(anonymous_25)
FN:175,(anonymous_26)
FN:184,(anonymous_27)
FN:190,(anonymous_28)
FN:196,(anonymous_29)
FN:211,(anonymous_30)
FN:217,(anonymous_31)
FN:227,(anonymous_32)
FN:234,(anonymous_33)
FN:53,(anonymous_34)
FNF:28
FNH:21
FNDA:3,(anonymous_7)
FNDA:4,(anonymous_8)
FNDA:3,(anonymous_9)
FNDA:3,(anonymous_10)
FNDA:2,(anonymous_11)
FNDA:3,(anonymous_12)
FNDA:2,(anonymous_13)
FNDA:0,(anonymous_14)
FNDA:0,(anonymous_15)
FNDA:2,(anonymous_16)
FNDA:2,(anonymous_17)
FNDA:5,(anonymous_18)
FNDA:0,(anonymous_19)
FNDA:2,(anonymous_20)
FNDA:0,(anonymous_21)
FNDA:0,(anonymous_22)
FNDA:4,(anonymous_23)
FNDA:1,(anonymous_24)
FNDA:1,(anonymous_25)
FNDA:0,(anonymous_26)
FNDA:3,(anonymous_27)
FNDA:3,(anonymous_28)
FNDA:2,(anonymous_29)
FNDA:8,(anonymous_30)
FNDA:0,(anonymous_31)
FNDA:8,(anonymous_32)
FNDA:16,(anonymous_33)
FNDA:9,(anonymous_34)
DA:1,1
DA:2,1
DA:10,1
DA:11,1
DA:12,1
DA:13,1
DA:14,1
DA:15,1
DA:16,1
DA:34,1
DA:47,4
DA:49,1
DA:53,9
DA:58,1
DA:63,3
DA:64,3
DA:72,3
DA:73,3
DA:74,3
DA:75,3
DA:79,3
DA:81,3
DA:90,2
DA:91,2
DA:95,3
DA:98,2
DA:99,2
DA:102,0
DA:108,2
DA:109,2
DA:110,2
DA:111,2
DA:112,2
DA:118,2
DA:120,2
DA:122,5
DA:123,5
DA:124,5
DA:125,5
DA:126,5
DA:129,0
DA:131,2
DA:132,0
DA:134,2
DA:135,0
DA:136,0
DA:138,0
DA:139,0
DA:140,0
DA:141,0
DA:142,0
DA:144,0
DA:146,2
DA:151,4
DA:152,4
DA:155,1
DA:156,0
DA:158,1
DA:159,1
DA:160,0
DA:162,1
DA:163,1
DA:164,1
DA:169,0
DA:171,1
DA:173,1
DA:176,0
DA:177,0
DA:178,0
DA:186,3
DA:187,3
DA:192,3
DA:193,3
DA:197,2
DA:212,8
DA:213,8
DA:214,8
DA:215,8
DA:216,8
DA:217,0
DA:218,0
DA:219,0
DA:221,0
DA:224,8
DA:228,8
DA:229,8
DA:231,8
DA:235,16
DA:236,16
DA:237,16
DA:238,0
DA:239,16
DA:240,0
DA:249,8
LF:94
LH:71
BRDA:91,0,0,2
BRDA:91,0,1,2
BRDA:110,1,0,2
BRDA:110,2,0,2
BRDA:110,2,1,2
BRDA:123,3,0,5
BRDA:123,4,0,5
BRDA:123,4,1,5
BRDA:131,5,0,0
BRDA:135,6,0,0
BRDA:140,7,0,0
BRDA:151,8,0,4
BRDA:151,8,1,4
BRDA:152,9,0,4
BRDA:152,9,1,0
BRDA:155,10,0,0
BRDA:159,11,0,0
BRDA:162,12,0,1
BRDA:162,12,1,1
BRDA:163,13,0,1
BRDA:163,13,1,1
BRDA:164,14,0,0
BRDA:165,15,0,1
BRDA:165,15,1,1
BRDA:165,15,2,0
BRDA:165,15,3,0
BRDA:176,16,0,0
BRDA:186,17,0,3
BRDA:186,17,1,3
BRDA:186,17,2,3
BRDA:192,18,0,3
BRDA:192,18,1,3
BRDA:192,18,2,0
BRDA:211,19,0,0
BRDA:211,20,0,0
BRDA:216,21,0,0
BRDA:216,22,0,8
BRDA:216,22,1,8
BRDA:216,22,2,0
BRDA:237,23,0,0
BRDA:237,23,1,16
BRDA:239,24,0,0
BRDA:239,25,0,16
BRDA:239,25,1,0
BRDA:251,26,0,2
BRDA:251,26,1,6
BRF:46
BRH:28
end_of_record
